<?xml version="1.0" encoding="UTF-8"?>
<!-- Generated by org.testng.reporters.JUnitReportReporter -->
<testsuite hostname="MacAir" failures="0" tests="1" name="com.hybridframework.cura.testcases.BookAppointment" time="8.475" errors="0" timestamp="2025-07-08T11:04:33 CDT" skipped="0">
  <testcase classname="com.hybridframework.cura.testcases.BookAppointment" name="makeAnAppointment" time="8.475"/>
</testsuite> <!-- com.hybridframework.cura.testcases.BookAppointment -->
