<?xml version="1.0" encoding="UTF-8"?>
<!-- Generated by org.testng.reporters.JUnitReportReporter -->
<testsuite hostname="MacAir" failures="0" tests="1" name="com.hybridframework.cura.testcases.LoginApplication" time="2.945" errors="0" timestamp="2025-07-05T19:05:52 CDT" skipped="0">
  <testcase classname="com.hybridframework.cura.testcases.LoginApplication" name="loginWithValidCredentials" time="2.945"/>
</testsuite> <!-- com.hybridframework.cura.testcases.LoginApplication -->
