<?xml version="1.0" encoding="UTF-8"?>
<!-- Generated by org.testng.reporters.JUnitReportReporter -->
<testsuite hostname="MacAir" failures="0" tests="2" name="com.hybridframework.cura.testcases.LoginApplication" time="0.386" errors="0" timestamp="2025-07-06T01:39:40 CDT" skipped="0">
  <testcase classname="com.hybridframework.cura.testcases.LoginApplication" name="loginWithValidCredentials" time="0.378"/>
  <testcase classname="com.hybridframework.cura.testcases.LoginApplication" name="verifyFooterLinks" time="0.008"/>
</testsuite> <!-- com.hybridframework.cura.testcases.LoginApplication -->
